  BET.cpp
C:\Users\mohda\source\repos\BET\BET\Header.h(249,11): error C2248: 'ExpressionTree<float>::cell_display::present': cannot access private member declared in class 'ExpressionTree<float>::cell_display'
C:\Users\mohda\source\repos\BET\BET\Header.h(140): message : see declaration of 'ExpressionTree<float>::cell_display::present'
C:\Users\mohda\source\repos\BET\BET\Header.h(138): message : see declaration of 'ExpressionTree<float>::cell_display'
C:\Users\mohda\source\repos\BET\BET\Header.h(242): message : while compiling class template member function 'std::vector<std::string,std::allocator<std::string>> ExpressionTree<float>::row_formatter(const std::vector<std::vector<ExpressionTree<float>::cell_display,std::allocator<ExpressionTree<float>::cell_display>>,std::allocator<std::vector<ExpressionTree<float>::cell_display,std::allocator<ExpressionTree<float>::cell_display>>>> &) const'
C:\Users\mohda\source\repos\BET\BET\Header.h(379): message : see reference to function template instantiation 'std::vector<std::string,std::allocator<std::string>> ExpressionTree<float>::row_formatter(const std::vector<std::vector<ExpressionTree<float>::cell_display,std::allocator<ExpressionTree<float>::cell_display>>,std::allocator<std::vector<ExpressionTree<float>::cell_display,std::allocator<ExpressionTree<float>::cell_display>>>> &) const' being compiled
C:\Users\mohda\source\repos\BET\BET\BET.cpp(39): message : see reference to class template instantiation 'ExpressionTree<float>' being compiled
C:\Users\mohda\source\repos\BET\BET\Header.h(249,25): error C2248: 'ExpressionTree<float>::cell_display::valstr': cannot access private member declared in class 'ExpressionTree<float>::cell_display'
C:\Users\mohda\source\repos\BET\BET\Header.h(139): message : see declaration of 'ExpressionTree<float>::cell_display::valstr'
C:\Users\mohda\source\repos\BET\BET\Header.h(138): message : see declaration of 'ExpressionTree<float>::cell_display'
C:\Users\mohda\source\repos\BET\BET\Header.h(250,21): error C2248: 'ExpressionTree<float>::cell_display::valstr': cannot access private member declared in class 'ExpressionTree<float>::cell_display'
C:\Users\mohda\source\repos\BET\BET\Header.h(139): message : see declaration of 'ExpressionTree<float>::cell_display::valstr'
C:\Users\mohda\source\repos\BET\BET\Header.h(138): message : see declaration of 'ExpressionTree<float>::cell_display'
C:\Users\mohda\source\repos\BET\BET\Header.h(290,18): error C2248: 'ExpressionTree<float>::cell_display::present': cannot access private member declared in class 'ExpressionTree<float>::cell_display'
C:\Users\mohda\source\repos\BET\BET\Header.h(140): message : see declaration of 'ExpressionTree<float>::cell_display::present'
C:\Users\mohda\source\repos\BET\BET\Header.h(138): message : see declaration of 'ExpressionTree<float>::cell_display'
C:\Users\mohda\source\repos\BET\BET\Header.h(292,38): error C2248: 'ExpressionTree<float>::cell_display::valstr': cannot access private member declared in class 'ExpressionTree<float>::cell_display'
C:\Users\mohda\source\repos\BET\BET\Header.h(139): message : see declaration of 'ExpressionTree<float>::cell_display::valstr'
C:\Users\mohda\source\repos\BET\BET\Header.h(138): message : see declaration of 'ExpressionTree<float>::cell_display'
C:\Users\mohda\source\repos\BET\BET\Header.h(326,23): error C2248: 'ExpressionTree<float>::cell_display::present': cannot access private member declared in class 'ExpressionTree<float>::cell_display'
C:\Users\mohda\source\repos\BET\BET\Header.h(140): message : see declaration of 'ExpressionTree<float>::cell_display::present'
C:\Users\mohda\source\repos\BET\BET\Header.h(138): message : see declaration of 'ExpressionTree<float>::cell_display'
C:\Users\mohda\source\repos\BET\BET\Header.h(331,23): error C2248: 'ExpressionTree<float>::cell_display::present': cannot access private member declared in class 'ExpressionTree<float>::cell_display'
C:\Users\mohda\source\repos\BET\BET\Header.h(140): message : see declaration of 'ExpressionTree<float>::cell_display::present'
C:\Users\mohda\source\repos\BET\BET\Header.h(138): message : see declaration of 'ExpressionTree<float>::cell_display'
